# JRE version: OpenJDK Runtime Environment (17.0.10) (build 17.0.10+0--11609105)
# Java VM: OpenJDK 64-Bit Server VM (17.0.10+0--11609105, mixed mode, tiered, compressed oops, compressed class ptrs, g1 gc, windows-amd64)
GC Precious Log:
 CPUs: 4 total, 4 available
 Memory: 8072M
 Large Page Support: Disabled
 NUMA Support: Disabled
 Compressed Oops: Enabled (32-bit)
 Heap Region Size: 1M
 Heap Min Capacity: 8M
 Heap Initial Capacity: 128M
 Heap Max Capacity: 2020M
 Pre-touch: Disabled
 Parallel Workers: 4
 Concurrent Workers: 1
 Concurrent Refinement Workers: 4
 Periodic GC: Disabled
Heap:
 garbage-first heap   total 79872K, used 35925K [0x0000000081c00000, 0x0000000100000000)
  region size 1024K, 10 young (10240K), 4 survivors (4096K)
 Metaspace       used 52476K, committed 52736K, reserved 1114112K
  class space    used 6399K, committed 6528K, reserved 1048576K
GC Heap History (20 events):
Event: 4.589 GC heap before
{Heap before GC invocations=5 (full 0):
 garbage-first heap   total 40960K, used 31028K [0x0000000081c00000, 0x0000000100000000)
  region size 1024K, 24 young (24576K), 6 survivors (6144K)
 Metaspace       used 30212K, committed 30464K, reserved 1114112K
  class space    used 3757K, committed 3840K, reserved 1048576K
}
Event: 4.610 GC heap after
{Heap after GC invocations=6 (full 0):
 garbage-first heap   total 43008K, used 17707K [0x0000000081c00000, 0x0000000100000000)
  region size 1024K, 3 young (3072K), 3 survivors (3072K)
 Metaspace       used 30212K, committed 30464K, reserved 1114112K
  class space    used 3757K, committed 3840K, reserved 1048576K
}
Event: 5.202 GC heap before
{Heap before GC invocations=6 (full 0):
 garbage-first heap   total 43008K, used 28971K [0x0000000081c00000, 0x0000000100000000)
  region size 1024K, 15 young (15360K), 3 survivors (3072K)
 Metaspace       used 33839K, committed 34048K, reserved 1114112K
  class space    used 4372K, committed 4480K, reserved 1048576K
}
Event: 5.213 GC heap after
{Heap after GC invocations=7 (full 0):
 garbage-first heap   total 43008K, used 19633K [0x0000000081c00000, 0x0000000100000000)
  region size 1024K, 2 young (2048K), 2 survivors (2048K)
 Metaspace       used 33839K, committed 34048K, reserved 1114112K
  class space    used 4372K, committed 4480K, reserved 1048576K
}
Event: 5.652 GC heap before
{Heap before GC invocations=7 (full 0):
 garbage-first heap   total 43008K, used 28849K [0x0000000081c00000, 0x0000000100000000)
  region size 1024K, 13 young (13312K), 2 survivors (2048K)
 Metaspace       used 35915K, committed 36096K, reserved 1114112K
  class space    used 4595K, committed 4672K, reserved 1048576K
}
Event: 5.661 GC heap after
{Heap after GC invocations=8 (full 0):
 garbage-first heap   total 43008K, used 19078K [0x0000000081c00000, 0x0000000100000000)
  region size 1024K, 2 young (2048K), 2 survivors (2048K)
 Metaspace       used 35915K, committed 36096K, reserved 1114112K
  class space    used 4595K, committed 4672K, reserved 1048576K
}
Event: 6.057 GC heap before
{Heap before GC invocations=9 (full 0):
 garbage-first heap   total 43008K, used 30342K [0x0000000081c00000, 0x0000000100000000)
  region size 1024K, 14 young (14336K), 2 survivors (2048K)
 Metaspace       used 38185K, committed 38400K, reserved 1114112K
  class space    used 4850K, committed 4928K, reserved 1048576K
}
Event: 6.064 GC heap after
{Heap after GC invocations=10 (full 0):
 garbage-first heap   total 43008K, used 20568K [0x0000000081c00000, 0x0000000100000000)
  region size 1024K, 2 young (2048K), 2 survivors (2048K)
 Metaspace       used 38185K, committed 38400K, reserved 1114112K
  class space    used 4850K, committed 4928K, reserved 1048576K
}
Event: 6.104 GC heap before
{Heap before GC invocations=10 (full 0):
 garbage-first heap   total 43008K, used 21592K [0x0000000081c00000, 0x0000000100000000)
  region size 1024K, 3 young (3072K), 2 survivors (2048K)
 Metaspace       used 38372K, committed 38592K, reserved 1114112K
  class space    used 4873K, committed 4928K, reserved 1048576K
}
Event: 6.111 GC heap after
{Heap after GC invocations=11 (full 0):
 garbage-first heap   total 52224K, used 19447K [0x0000000081c00000, 0x0000000100000000)
  region size 1024K, 1 young (1024K), 1 survivors (1024K)
 Metaspace       used 38372K, committed 38592K, reserved 1114112K
  class space    used 4873K, committed 4928K, reserved 1048576K
}
Event: 6.582 GC heap before
{Heap before GC invocations=11 (full 0):
 garbage-first heap   total 52224K, used 36855K [0x0000000081c00000, 0x0000000100000000)
  region size 1024K, 18 young (18432K), 1 survivors (1024K)
 Metaspace       used 41898K, committed 42112K, reserved 1114112K
  class space    used 5181K, committed 5248K, reserved 1048576K
}
Event: 6.588 GC heap after
{Heap after GC invocations=12 (full 0):
 garbage-first heap   total 52224K, used 20518K [0x0000000081c00000, 0x0000000100000000)
  region size 1024K, 2 young (2048K), 2 survivors (2048K)
 Metaspace       used 41898K, committed 42112K, reserved 1114112K
  class space    used 5181K, committed 5248K, reserved 1048576K
}
Event: 7.440 GC heap before
{Heap before GC invocations=12 (full 0):
 garbage-first heap   total 52224K, used 39974K [0x0000000081c00000, 0x0000000100000000)
  region size 1024K, 19 young (19456K), 2 survivors (2048K)
 Metaspace       used 46548K, committed 46784K, reserved 1114112K
  class space    used 5697K, committed 5824K, reserved 1048576K
}
Event: 7.450 GC heap after
{Heap after GC invocations=13 (full 0):
 garbage-first heap   total 52224K, used 24849K [0x0000000081c00000, 0x0000000100000000)
  region size 1024K, 3 young (3072K), 3 survivors (3072K)
 Metaspace       used 46548K, committed 46784K, reserved 1114112K
  class space    used 5697K, committed 5824K, reserved 1048576K
}
Event: 7.996 GC heap before
{Heap before GC invocations=13 (full 0):
 garbage-first heap   total 52224K, used 39185K [0x0000000081c00000, 0x0000000100000000)
  region size 1024K, 17 young (17408K), 3 survivors (3072K)
 Metaspace       used 48928K, committed 49216K, reserved 1114112K
  class space    used 5969K, committed 6144K, reserved 1048576K
}
Event: 8.009 GC heap after
{Heap after GC invocations=14 (full 0):
 garbage-first heap   total 52224K, used 27913K [0x0000000081c00000, 0x0000000100000000)
  region size 1024K, 3 young (3072K), 3 survivors (3072K)
 Metaspace       used 48928K, committed 49216K, reserved 1114112K
  class space    used 5969K, committed 6144K, reserved 1048576K
}
Event: 8.545 GC heap before
{Heap before GC invocations=14 (full 0):
 garbage-first heap   total 52224K, used 39177K [0x0000000081c00000, 0x0000000100000000)
  region size 1024K, 14 young (14336K), 3 survivors (3072K)
 Metaspace       used 50941K, committed 51200K, reserved 1114112K
  class space    used 6213K, committed 6336K, reserved 1048576K
}
Event: 8.555 GC heap after
{Heap after GC invocations=15 (full 0):
 garbage-first heap   total 79872K, used 29764K [0x0000000081c00000, 0x0000000100000000)
  region size 1024K, 2 young (2048K), 2 survivors (2048K)
 Metaspace       used 50941K, committed 51200K, reserved 1114112K
  class space    used 6213K, committed 6336K, reserved 1048576K
}
Event: 9.081 GC heap before
{Heap before GC invocations=16 (full 0):
 garbage-first heap   total 79872K, used 58436K [0x0000000081c00000, 0x0000000100000000)
  region size 1024K, 29 young (29696K), 2 survivors (2048K)
 Metaspace       used 51267K, committed 51584K, reserved 1114112K
  class space    used 6252K, committed 6400K, reserved 1048576K
}
Event: 9.092 GC heap after
{Heap after GC invocations=17 (full 0):
 garbage-first heap   total 79872K, used 31829K [0x0000000081c00000, 0x0000000100000000)
  region size 1024K, 4 young (4096K), 4 survivors (4096K)
 Metaspace       used 51267K, committed 51584K, reserved 1114112K
  class space    used 6252K, committed 6400K, reserved 1048576K
}

